[     313ms] [LOG] 10 CDN assets loaded OK @ https://mongodb.enterprise.slack.com/?redir=%2Fssb%2Fsignin_redirect%3Frevoke_parent_session_if_ssb%3D1%26is_ssb_browser_signin%3D1:144
[     322ms] [INFO] Jun-22 11:32:28.690 [TRACER] Tracing is not sampled by default for this session. @ https://a.slack-edge.com/bv1-13-br/enterprise-signin-core.c559410c76096d51a8e9.primer.min.js:146
[     324ms] [WARNING] Jun-22 11:32:28.691 TELEMETRY You tried to get a team-specific telemeter but didn’t provide enough context and are getting the generic telemeter instead which is likely not what you want. @ https://a.slack-edge.com/bv1-13-br/enterprise-signin-core.c559410c76096d51a8e9.primer.min.js:146
[     357ms] [WARNING] Jun-22 11:32:28.725 TRACES You tried to get a team-specific tracer but didn’t provide enough context and are getting the generic tracer instead which is likely not what you want. @ https://a.slack-edge.com/bv1-13-br/enterprise-signin-core.c559410c76096d51a8e9.primer.min.js:146
[     358ms] [WARNING] Jun-22 11:32:28.726 TRACES You tried to get a team-specific tracer but didn’t provide enough context and are getting the generic tracer instead which is likely not what you want. @ https://a.slack-edge.com/bv1-13-br/enterprise-signin-core.c559410c76096d51a8e9.primer.min.js:146
[     358ms] [INFO] Jun-22 11:32:28.726 [API-Q] (T00000000) noversion-1782142348.726 signin.findWorkspaces called with reason: get_started_already_signed_into @ https://a.slack-edge.com/bv1-13-br/enterprise-signin-core.c559410c76096d51a8e9.primer.min.js:146
[     358ms] [INFO] Jun-22 11:32:28.726 [API-Q] (T00000000) noversion-1782142348.726 signin.findWorkspaces is ENQUEUED @ https://a.slack-edge.com/bv1-13-br/enterprise-signin-core.c559410c76096d51a8e9.primer.min.js:146
[     464ms] [INFO] Jun-22 11:32:28.833 [API-Q] (T00000000) noversion-1782142348.726 signin.findWorkspaces is ACTIVE @ https://a.slack-edge.com/bv1-13-br/enterprise-signin-core.c559410c76096d51a8e9.primer.min.js:146
[     481ms] [WARNING] Error in Optanon wrapper, please review your code. TypeError: Cannot read properties of undefined (reading 'analytics') @ https://cdn.cookielaw.org/scripttemplates/202604.2.0/otBannerSdk.js:6
[     562ms] [INFO] Jun-22 11:32:28.930 [API-Q] (T00000000) noversion-1782142348.726 signin.findWorkspaces is RESOLVED @ https://a.slack-edge.com/bv1-13-br/enterprise-signin-core.c559410c76096d51a8e9.primer.min.js:146
[     563ms] [WARNING] Jun-22 11:32:28.932 TRACES You tried to get a team-specific tracer but didn’t provide enough context and are getting the generic tracer instead which is likely not what you want. @ https://a.slack-edge.com/bv1-13-br/enterprise-signin-core.c559410c76096d51a8e9.primer.min.js:146
[     564ms] [WARNING] Jun-22 11:32:28.932 TRACES You tried to get a team-specific tracer but didn’t provide enough context and are getting the generic tracer instead which is likely not what you want. @ https://a.slack-edge.com/bv1-13-br/enterprise-signin-core.c559410c76096d51a8e9.primer.min.js:146
[     564ms] [INFO] Jun-22 11:32:28.932 [API-Q] (T00000000) noversion-1782142348.932 signin.findWorkspaces called with reason: get_started_already_signed_into @ https://a.slack-edge.com/bv1-13-br/enterprise-signin-core.c559410c76096d51a8e9.primer.min.js:146
[     564ms] [INFO] Jun-22 11:32:28.932 [API-Q] (T00000000) noversion-1782142348.932 signin.findWorkspaces is ENQUEUED @ https://a.slack-edge.com/bv1-13-br/enterprise-signin-core.c559410c76096d51a8e9.primer.min.js:146
[     564ms] [INFO] Jun-22 11:32:28.933 [API-Q] (T00000000) noversion-1782142348.932 signin.findWorkspaces is ACTIVE @ https://a.slack-edge.com/bv1-13-br/enterprise-signin-core.c559410c76096d51a8e9.primer.min.js:146
[     661ms] [INFO] Jun-22 11:32:29.030 [API-Q] (T00000000) noversion-1782142348.932 signin.findWorkspaces is RESOLVED @ https://a.slack-edge.com/bv1-13-br/enterprise-signin-core.c559410c76096d51a8e9.primer.min.js:146
[    1622ms] [WARNING] Jun-22 11:32:29.990 (T00000000) [PORTABLE-REACT-MODAL] Unable to find undefined @ https://a.slack-edge.com/bv1-13-br/enterprise-signin-core.c559410c76096d51a8e9.primer.min.js:146
[    1883ms] [ERROR] Access to XMLHttpRequest at 'https://slack.com/clog/track/' from origin 'https://mongodb.enterprise.slack.com' has been blocked by CORS policy: No 'Access-Control-Allow-Origin' header is present on the requested resource. @ https://mongodb.enterprise.slack.com/?redir=%2Fssb%2Fsignin_redirect%3Frevoke_parent_session_if_ssb%3D1%26is_ssb_browser_signin%3D1:0
[    1883ms] [ERROR] Failed to load resource: net::ERR_FAILED @ https://slack.com/clog/track/:0
[    3630ms] [LOG] {controller: null, formName: device-challenge-poll} @ https://www.datadoghq-browser-agent.com/us1/v7/datadog-rum.js:0
[    7395ms] [LOG] {controller: null, formName: success-redirect} @ https://www.datadoghq-browser-agent.com/us1/v7/datadog-rum.js:0
[    7902ms] [WARNING] <meta name="apple-mobile-web-app-capable" content="yes"> is deprecated. Please include <meta name="mobile-web-app-capable" content="yes"> @ https://corp.mongodb.com/login/token/redirect?stateToken=02.id.T6vzMP_z8yD_RIyYtjV2ToCCzGDpFqrAFKWNs__k:0
[    9621ms] [LOG] 10 CDN assets loaded OK @ https://mongodb.enterprise.slack.com/ssb/signin_redirect?revoke_parent_session_if_ssb=1&is_ssb_browser_signin=1&revoke_parent_session_if_ssb=1:144
[    9629ms] [INFO] Jun-22 11:32:37.997 [TRACER] Tracing is not sampled by default for this session. @ https://a.slack-edge.com/bv1-13-br/ssb-redirect-core.3f72c965ac894508dd59.primer.min.js:146
[    9635ms] [WARNING] Error in Optanon wrapper, please review your code. ReferenceError: loadGTM is not defined @ https://cdn.cookielaw.org/scripttemplates/202604.2.0/otBannerSdk.js:6
[    9658ms] [INFO] Jun-22 11:32:38.026 [UFM-MEMBERS] (E01C4Q4H3CL) requesting U0B6TQCM2DB (1) @ https://a.slack-edge.com/bv1-13-br/ssb-redirect-core.3f72c965ac894508dd59.primer.min.js:146
[    9659ms] [WARNING] Jun-22 11:32:38.027 TRACES You tried to get a team-specific tracer but didn’t provide enough context and are getting the generic tracer instead which is likely not what you want. @ https://a.slack-edge.com/bv1-13-br/ssb-redirect-core.3f72c965ac894508dd59.primer.min.js:146
[    9659ms] [WARNING] Jun-22 11:32:38.028 TRACES You tried to get a team-specific tracer but didn’t provide enough context and are getting the generic tracer instead which is likely not what you want. @ https://a.slack-edge.com/bv1-13-br/ssb-redirect-core.3f72c965ac894508dd59.primer.min.js:146
[    9660ms] [INFO] Jun-22 11:32:38.028 [API-Q] (E01C4Q4H3CL) noversion-1782142358.027 api.getFlannelHttpUrl called with reason: client-needs-valid-flannel-url @ https://a.slack-edge.com/bv1-13-br/ssb-redirect-core.3f72c965ac894508dd59.primer.min.js:146
[    9660ms] [INFO] Jun-22 11:32:38.028 [API-Q] (E01C4Q4H3CL) noversion-1782142358.027 api.getFlannelHttpUrl is ENQUEUED @ https://a.slack-edge.com/bv1-13-br/ssb-redirect-core.3f72c965ac894508dd59.primer.min.js:146
[    9802ms] [ERROR] Access to XMLHttpRequest at 'https://slack.com/clog/track/' from origin 'https://mongodb.enterprise.slack.com' has been blocked by CORS policy: No 'Access-Control-Allow-Origin' header is present on the requested resource. @ https://mongodb.enterprise.slack.com/ssb/signin_redirect?revoke_parent_session_if_ssb=1&is_ssb_browser_signin=1&revoke_parent_session_if_ssb=1:0
[    9802ms] [ERROR] Failed to load resource: net::ERR_FAILED @ https://slack.com/clog/track/:0
[    9808ms] [INFO] Jun-22 11:32:38.176 [API-Q] (E01C4Q4H3CL) noversion-1782142358.027 api.getFlannelHttpUrl is ACTIVE @ https://a.slack-edge.com/bv1-13-br/ssb-redirect-core.3f72c965ac894508dd59.primer.min.js:146
[    9893ms] [INFO] Jun-22 11:32:38.261 [API-Q] (E01C4Q4H3CL) noversion-1782142358.027 api.getFlannelHttpUrl is REJECTED: API not ok not_authed @ https://a.slack-edge.com/bv1-13-br/ssb-redirect-core.3f72c965ac894508dd59.primer.min.js:146
[    9893ms] [WARNING] Jun-22 11:32:38.262 TRACES You tried to get a team-specific tracer but didn’t provide enough context and are getting the generic tracer instead which is likely not what you want. @ https://a.slack-edge.com/bv1-13-br/ssb-redirect-core.3f72c965ac894508dd59.primer.min.js:146
[    9894ms] [INFO] Jun-22 11:32:38.263 [FLANNEL] (E01C4Q4H3CL) giving up on users/info call @ https://a.slack-edge.com/bv1-13-br/ssb-redirect-core.3f72c965ac894508dd59.primer.min.js:146
[    9895ms] [WARNING] Jun-22 11:32:38.263 (E01C4Q4H3CL) Flannel chunk fetch failed: [object Object], U0B6TQCM2DB, U0B6TQCM2DB @ https://a.slack-edge.com/bv1-13-br/ssb-redirect-core.3f72c965ac894508dd59.primer.min.js:146
[    9895ms] [INFO] Jun-22 11:32:38.263 [UFM-MEMBERS] (E01C4Q4H3CL) received U0B6TQCM2DB (1) @ https://a.slack-edge.com/bv1-13-br/ssb-redirect-core.3f72c965ac894508dd59.primer.min.js:146
[    9895ms] [WARNING] Jun-22 11:32:38.263 UFM-members (E01C4Q4H3CL) UnknownFetchManager requested 1 objects but received 0. Missing objects: U0B6TQCM2DB @ https://a.slack-edge.com/bv1-13-br/ssb-redirect-core.3f72c965ac894508dd59.primer.min.js:146
[   11156ms] [INFO] Launched external handler for 'slack://E01C4Q4H3CL/magic-login/11402761774039-2930a34b1b1baeb769764bbaa0d67005400499ce077f7e48b8748ef8458d3339?id=1'. @ https://mongodb.enterprise.slack.com/ssb/signin_redirect?revoke_parent_session_if_ssb=1&is_ssb_browser_signin=1&revoke_parent_session_if_ssb=1:0
[   42535ms] [ERROR] Access to XMLHttpRequest at 'https://slack.com/clog/track/' from origin 'https://mongodb.enterprise.slack.com' has been blocked by CORS policy: No 'Access-Control-Allow-Origin' header is present on the requested resource. @ https://mongodb.enterprise.slack.com/ssb/signin_redirect?revoke_parent_session_if_ssb=1&is_ssb_browser_signin=1&revoke_parent_session_if_ssb=1:0
[   42535ms] [ERROR] Failed to load resource: net::ERR_FAILED @ https://slack.com/clog/track/:0
